<<<<<<< HEAD
\BOOKMARK [1][]{section.0.1}{\376\377\0001\000\040\000I\000n\000t\000r\000o\000d\000u\000c\000t\000i\000o\000n}{}% 1
\BOOKMARK [2][]{subsection.0.1.1}{\376\377\0001\000.\0001\000\040\000P\000r\000o\000b\000l\000e\000m\000\040\000B\000a\000c\000k\000g\000r\000o\000u\000n\000d}{section.0.1}% 2
\BOOKMARK [2][]{subsection.0.1.2}{\376\377\0001\000.\0002\000\040\000L\000i\000t\000e\000r\000a\000t\000u\000r\000e\000\040\000R\000e\000v\000i\000e\000w}{section.0.1}% 3
\BOOKMARK [2][]{subsection.0.1.3}{\376\377\0001\000.\0003\000\040\000O\000u\000r\000\040\000w\000o\000r\000k}{section.0.1}% 4
\BOOKMARK [1][]{section.0.2}{\376\377\0002\000\040\000P\000r\000e\000p\000a\000r\000a\000t\000i\000o\000n\000\040\000o\000f\000\040\000t\000h\000e\000\040\000M\000o\000d\000e\000l\000s}{}% 5
\BOOKMARK [2][]{subsection.0.2.1}{\376\377\0002\000.\0001\000\040\000A\000s\000s\000u\000m\000p\000t\000i\000o\000n\000s\000\040\000a\000n\000d\000\040\000E\000x\000p\000l\000a\000n\000a\000t\000i\000o\000n\000s}{section.0.2}% 6
\BOOKMARK [2][]{subsection.0.2.2}{\376\377\0002\000.\0002\000\040\000N\000o\000t\000a\000t\000i\000o\000n\000s}{section.0.2}% 7
\BOOKMARK [2][]{subsection.0.2.3}{\376\377\0002\000.\0003\000\040\000D\000a\000t\000a}{section.0.2}% 8
\BOOKMARK [3][]{subsubsection.0.2.3.1}{\376\377\0002\000.\0003\000.\0001\000\040\000D\000a\000t\000a\000\040\000C\000o\000l\000l\000e\000c\000t\000i\000o\000n}{subsection.0.2.3}% 9
\BOOKMARK [1][]{section.0.3}{\376\377\0003\000\040\000M\000o\000d\000e\000l\000\040\0001\000:\000\040\227\131\140\001\127\372\121\306\152\041\127\213}{}% 10
\BOOKMARK [2][]{subsection.0.3.1}{\376\377\0003\000.\0001\000\040\152\041\127\213\151\202\217\360}{section.0.3}% 11
\BOOKMARK [2][]{subsection.0.3.2}{\376\377\0003\000.\0002\000\040\127\072\146\157\116\000\377\032\116\305\000S\000E\152\041\137\017}{section.0.3}% 12
\BOOKMARK [3][]{subsubsection.0.3.2.1}{\376\377\0003\000.\0002\000.\0001\000\040\133\214\177\216\162\266\140\001\217\320\122\233}{subsection.0.3.2}% 13
\BOOKMARK [3][]{subsubsection.0.3.2.2}{\376\377\0003\000.\0002\000.\0002\000\040\230\171\166\356\135\345\147\037}{subsection.0.3.2}% 14
\BOOKMARK [3][]{subsubsection.0.3.2.3}{\376\377\0003\000.\0002\000.\0003\000\040\140\073\142\020\147\054}{subsection.0.3.2}% 15
\BOOKMARK [2][]{subsection.0.3.3}{\376\377\0003\000.\0003\000\040\127\072\146\157\116\214\377\032\116\305\000T\000R\152\041\137\017}{section.0.3}% 16
\BOOKMARK [3][]{subsubsection.0.3.3.1}{\376\377\0003\000.\0003\000.\0001\000\040\133\214\177\216\162\266\140\001\217\320\122\233}{subsection.0.3.3}% 17
\BOOKMARK [3][]{subsubsection.0.3.3.2}{\376\377\0003\000.\0003\000.\0002\000\040\230\171\166\356\135\345\147\037}{subsection.0.3.3}% 18
\BOOKMARK [3][]{subsubsection.0.3.3.3}{\376\377\0003\000.\0003\000.\0003\000\040\140\073\142\020\147\054}{subsection.0.3.3}% 19
\BOOKMARK [2][]{subsection.0.3.4}{\376\377\0003\000.\0004\000\040\127\072\146\157\116\011\377\032\155\367\124\010\227\131\140\001\152\041\137\017}{section.0.3}% 20
\BOOKMARK [3][]{subsubsection.0.3.4.1}{\376\377\0003\000.\0004\000.\0001\000\040\230\171\166\356\135\345\147\037}{subsection.0.3.4}% 21
\BOOKMARK [3][]{subsubsection.0.3.4.2}{\376\377\0003\000.\0004\000.\0002\000\040\147\000\117\030\122\006\221\115\153\324\117\213}{subsection.0.3.4}% 22
\BOOKMARK [3][]{subsubsection.0.3.4.3}{\376\377\0003\000.\0004\000.\0003\000\040\140\073\142\020\147\054}{subsection.0.3.4}% 23
\BOOKMARK [2][]{subsection.0.3.5}{\376\377\0003\000.\0005\000\040\116\011\171\315\127\072\146\157\166\204\153\324\217\203\122\006\147\220}{section.0.3}% 24
\BOOKMARK [1][]{section.0.4}{\376\377\0004\000\040\000M\000o\000d\000e\000l\000\040\0002\000:\000\040\000D\000y\000n\000a\000m\000i\000c\000\040\000E\000x\000t\000e\000n\000d\000e\000d\000\040\000M\000o\000d\000e\000l}{}% 25
\BOOKMARK [2][]{subsection.0.4.1}{\376\377\0004\000.\0001\000\040\000D\000y\000n\000a\000m\000i\000c\000\040\000A\000d\000j\000u\000s\000t\000m\000e\000n\000t\000\040\000L\000o\000g\000i\000c}{section.0.4}% 26
\BOOKMARK [2][]{subsection.0.4.2}{\376\377\0004\000.\0002\000\040\122\250\140\001\166\356\150\007\121\375\145\160}{section.0.4}% 27
\BOOKMARK [3][]{subsubsection.0.4.2.1}{\376\377\0004\000.\0002\000.\0001\000\040\166\356\150\007\0001\377\032\140\073\230\171\166\356\135\345\147\037}{subsection.0.4.2}% 28
\BOOKMARK [3][]{subsubsection.0.4.2.2}{\376\377\0004\000.\0002\000.\0002\000\040\166\356\150\007\0002\377\032\121\150\165\037\124\175\124\150\147\037\142\020\147\054\377\010\122\006\153\265\154\102\124\214\377\011}{subsection.0.4.2}% 29
\BOOKMARK [2][]{subsection.0.4.3}{\376\377\0004\000.\0003\000\040\122\250\140\001\176\246\147\137\147\141\116\366}{section.0.4}% 30
\BOOKMARK [2][]{subsection.0.4.4}{\376\377\0004\000.\0004\000\040\152\041\127\213\162\171\160\271}{section.0.4}% 31
\BOOKMARK [2][]{subsection.0.4.5}{\376\377\0004\000.\0005\000\040\160\153\173\255\123\321\134\004\131\061\215\045\166\204\117\356\153\143}{section.0.4}% 32
\BOOKMARK [3][]{subsubsection.0.4.5.1}{\376\377\0004\000.\0005\000.\0001\000\040\131\061\215\045\151\202\163\207\116\016\147\011\145\110\217\175\203\167}{subsection.0.4.5}% 33
\BOOKMARK [3][]{subsubsection.0.4.5.2}{\376\377\0004\000.\0005\000.\0002\000\040\123\321\134\004\142\020\147\054\214\003\145\164}{subsection.0.4.5}% 34
\BOOKMARK [3][]{subsubsection.0.4.5.3}{\376\377\0004\000.\0005\000.\0003\000\040\117\356\153\143\217\320\122\233}{subsection.0.4.5}% 35
\BOOKMARK [3][]{subsubsection.0.4.5.4}{\376\377\0004\000.\0005\000.\0004\000\040\117\356\153\143\142\020\147\054\121\154\137\017}{subsection.0.4.5}% 36
\BOOKMARK [2][]{subsection.0.4.6}{\376\377\0004\000.\0006\000\040\174\373\176\363\144\107\146\103\166\204\171\321\221\314\131\145\122\051\122\233\116\016\230\316\122\007\123\330\142\160\122\250}{section.0.4}% 37
\BOOKMARK [3][]{subsubsection.0.4.6.1}{\376\377\0004\000.\0006\000.\0001\000\040\167\254\145\366\123\357\165\050\136\246\121\375\145\160}{subsection.0.4.6}% 38
\BOOKMARK [3][]{subsubsection.0.4.6.2}{\376\377\0004\000.\0006\000.\0002\000\040\230\166\172\357\160\153\173\255\123\321\134\004\131\061\215\045\151\202\163\207}{subsection.0.4.6}% 39
\BOOKMARK [3][]{subsubsection.0.4.6.3}{\376\377\0004\000.\0006\000.\0003\000\040\117\356\153\143\124\016\166\204\136\164\147\011\145\110\217\320\122\233}{subsection.0.4.6}% 40
\BOOKMARK [2][]{subsection.0.4.7}{\376\377\0004\000.\0007\000\040\116\000\136\164\165\050\154\064\227\000\154\102\116\013\166\204\217\320\217\223\142\020\147\054}{section.0.4}% 41
\BOOKMARK [3][]{subsubsection.0.4.7.1}{\376\377\0004\000.\0007\000.\0001\000\040\147\010\164\003\153\226\154\021\127\060\136\164\121\300\165\050\154\064\227\000\154\102}{subsection.0.4.7}% 42
\BOOKMARK [3][]{subsubsection.0.4.7.2}{\376\377\0004\000.\0007\000.\0002\000\040\230\235\131\026\217\320\217\223\142\020\147\054}{subsection.0.4.7}% 43
\BOOKMARK [1][]{section.0.5}{\376\377\0005\000\040\116\012\217\360\152\041\127\213\166\204\154\102\211\343}{}% 44
\BOOKMARK [2][]{subsection.0.5.1}{\376\377\0005\000.\0001\000\040\121\263\173\126\123\330\221\317}{section.0.5}% 45
\BOOKMARK [2][]{subsection.0.5.2}{\376\377\0005\000.\0002\000\040\220\020\226\066\153\265\142\151\134\125\144\034\175\042\173\227\154\325}{section.0.5}% 46
\BOOKMARK [2][]{subsection.0.5.3}{\376\377\0005\000.\0003\000\040\131\032\166\356\150\007\122\115\154\277\122\044\133\232}{section.0.5}% 47
\BOOKMARK [1][]{section.0.6}{\376\377\0006\000\040\000T\000e\000s\000t\000\040\000t\000h\000e\000\040\000M\000o\000d\000e\000l}{}% 48
\BOOKMARK [2][]{subsection.0.6.1}{\376\377\0006\000.\0001\000\040\000S\000e\000n\000s\000i\000t\000i\000v\000i\000t\000y\000\040\000A\000n\000a\000l\000y\000s\000i\000s}{section.0.6}% 49
\BOOKMARK [2][]{subsection.0.6.2}{\376\377\0006\000.\0002\000\040\000R\000o\000b\000u\000s\000t\000n\000e\000s\000s\000\040\000A\000n\000a\000l\000y\000s\000i\000s}{section.0.6}% 50
\BOOKMARK [1][]{section.0.7}{\376\377\0007\000\040\000C\000o\000n\000c\000l\000u\000s\000i\000o\000n}{}% 51
\BOOKMARK [2][]{subsection.0.7.1}{\376\377\0007\000.\0001\000\040\000S\000u\000m\000m\000a\000r\000y\000\040\000o\000f\000\040\000R\000e\000s\000u\000l\000t\000s}{section.0.7}% 52
\BOOKMARK [2][]{subsection.0.7.2}{\376\377\0007\000.\0002\000\040\000S\000t\000r\000e\000n\000g\000t\000h\000s}{section.0.7}% 53
\BOOKMARK [2][]{subsection.0.7.3}{\376\377\0007\000.\0003\000\040\000W\000e\000a\000k\000n\000e\000s\000s\000e\000s\000\040\000a\000n\000d\000\040\000I\000m\000p\000r\000o\000v\000e\000m\000e\000n\000t\000s}{section.0.7}% 54
\BOOKMARK [1][]{section.0.8}{\376\377\000M\000e\000m\000o\000r\000a\000n\000d\000u\000m}{}% 55
\BOOKMARK [1][]{section.1.8}{\376\377\000R\000e\000f\000e\000r\000e\000n\000c\000e\000s}{}% 56
\BOOKMARK [1][]{section*.7}{\376\377\000A\000p\000p\000e\000n\000d\000i\000x\000\040\000A\000:\000\040\000F\000u\000r\000t\000h\000e\000r\000\040\000o\000n\000\040\000L\000a\000T\000e\000X}{}% 57
\BOOKMARK [1][]{section*.8}{\376\377\000A\000p\000p\000e\000n\000d\000i\000x\000\040\000B\000:\000\040\000P\000r\000o\000g\000r\000a\000m\000\040\000C\000o\000d\000e\000s}{}% 58
\BOOKMARK [1][]{section*.9}{\376\377\000A\000p\000p\000e\000n\000d\000i\000x\000\040\000C\000:\000\040\000R\000e\000p\000o\000r\000t\000\040\000o\000n\000\040\000U\000s\000e\000\040\000o\000f\000\040\000A\000I}{}% 59
=======
\BOOKMARK [1][-]{section.0.1}{\376\377\000I\000n\000t\000r\000o\000d\000u\000c\000t\000i\000o\000n}{}% 1
\BOOKMARK [2][-]{subsection.0.1.1}{\376\377\000P\000r\000o\000b\000l\000e\000m\000\040\000B\000a\000c\000k\000g\000r\000o\000u\000n\000d}{section.0.1}% 2
\BOOKMARK [2][-]{subsection.0.1.2}{\376\377\000L\000i\000t\000e\000r\000a\000t\000u\000r\000e\000\040\000R\000e\000v\000i\000e\000w}{section.0.1}% 3
\BOOKMARK [2][-]{subsection.0.1.3}{\376\377\000O\000u\000r\000\040\000w\000o\000r\000k}{section.0.1}% 4
\BOOKMARK [1][-]{section.0.2}{\376\377\000P\000r\000e\000p\000a\000r\000a\000t\000i\000o\000n\000\040\000o\000f\000\040\000t\000h\000e\000\040\000M\000o\000d\000e\000l\000s}{}% 5
\BOOKMARK [2][-]{subsection.0.2.1}{\376\377\000A\000s\000s\000u\000m\000p\000t\000i\000o\000n\000s\000\040\000a\000n\000d\000\040\000E\000x\000p\000l\000a\000n\000a\000t\000i\000o\000n\000s}{section.0.2}% 6
\BOOKMARK [2][-]{subsection.0.2.2}{\376\377\000N\000o\000t\000a\000t\000i\000o\000n\000s}{section.0.2}% 7
\BOOKMARK [2][-]{subsection.0.2.3}{\376\377\000D\000a\000t\000a}{section.0.2}% 8
\BOOKMARK [3][-]{subsubsection.0.2.3.1}{\376\377\000D\000a\000t\000a\000\040\000C\000o\000l\000l\000e\000c\000t\000i\000o\000n}{subsection.0.2.3}% 9
\BOOKMARK [1][-]{section.0.3}{\376\377\000M\000o\000d\000e\000l\000\040\0001\000:\000\040\227\131\140\001\127\372\121\306\152\041\127\213}{}% 10
\BOOKMARK [2][-]{subsection.0.3.1}{\376\377\152\041\127\213\151\202\217\360}{section.0.3}% 11
\BOOKMARK [2][-]{subsection.0.3.2}{\376\377\127\072\146\157\116\000\377\032\116\305\000S\000E\152\041\137\017}{section.0.3}% 12
\BOOKMARK [3][-]{subsubsection.0.3.2.1}{\376\377\133\214\177\216\162\266\140\001\217\320\122\233}{subsection.0.3.2}% 13
\BOOKMARK [3][-]{subsubsection.0.3.2.2}{\376\377\230\171\166\356\135\345\147\037}{subsection.0.3.2}% 14
\BOOKMARK [3][-]{subsubsection.0.3.2.3}{\376\377\140\073\142\020\147\054}{subsection.0.3.2}% 15
\BOOKMARK [2][-]{subsection.0.3.3}{\376\377\127\072\146\157\116\214\377\032\116\305\000T\000R\152\041\137\017}{section.0.3}% 16
\BOOKMARK [3][-]{subsubsection.0.3.3.1}{\376\377\133\214\177\216\162\266\140\001\217\320\122\233}{subsection.0.3.3}% 17
\BOOKMARK [3][-]{subsubsection.0.3.3.2}{\376\377\230\171\166\356\135\345\147\037}{subsection.0.3.3}% 18
\BOOKMARK [3][-]{subsubsection.0.3.3.3}{\376\377\140\073\142\020\147\054}{subsection.0.3.3}% 19
\BOOKMARK [2][-]{subsection.0.3.4}{\376\377\127\072\146\157\116\011\377\032\155\367\124\010\227\131\140\001\152\041\137\017}{section.0.3}% 20
\BOOKMARK [3][-]{subsubsection.0.3.4.1}{\376\377\230\171\166\356\135\345\147\037}{subsection.0.3.4}% 21
\BOOKMARK [3][-]{subsubsection.0.3.4.2}{\376\377\147\000\117\030\122\006\221\115\153\324\117\213}{subsection.0.3.4}% 22
\BOOKMARK [3][-]{subsubsection.0.3.4.3}{\376\377\140\073\142\020\147\054}{subsection.0.3.4}% 23
\BOOKMARK [2][-]{subsection.0.3.5}{\376\377\116\011\171\315\127\072\146\157\166\204\153\324\217\203\122\006\147\220}{section.0.3}% 24
\BOOKMARK [1][-]{section.0.4}{\376\377\000M\000o\000d\000e\000l\000\040\0002\000:\000\040\000D\000y\000n\000a\000m\000i\000c\000\040\000E\000x\000t\000e\000n\000d\000e\000d\000\040\000M\000o\000d\000e\000l}{}% 25
\BOOKMARK [2][-]{subsection.0.4.1}{\376\377\000D\000y\000n\000a\000m\000i\000c\000\040\000A\000d\000j\000u\000s\000t\000m\000e\000n\000t\000\040\000L\000o\000g\000i\000c}{section.0.4}% 26
\BOOKMARK [2][-]{subsection.0.4.2}{\376\377\122\250\140\001\166\356\150\007\121\375\145\160}{section.0.4}% 27
\BOOKMARK [3][-]{subsubsection.0.4.2.1}{\376\377\166\356\150\007\0001\377\032\140\073\230\171\166\356\135\345\147\037}{subsection.0.4.2}% 28
\BOOKMARK [3][-]{subsubsection.0.4.2.2}{\376\377\166\356\150\007\0002\377\032\121\150\165\037\124\175\124\150\147\037\142\020\147\054\377\010\122\006\153\265\154\102\124\214\377\011}{subsection.0.4.2}% 29
\BOOKMARK [2][-]{subsection.0.4.3}{\376\377\122\250\140\001\176\246\147\137\147\141\116\366}{section.0.4}% 30
\BOOKMARK [2][-]{subsection.0.4.4}{\376\377\152\041\127\213\162\171\160\271}{section.0.4}% 31
\BOOKMARK [2][-]{subsection.0.4.5}{\376\377\160\153\173\255\123\321\134\004\131\061\215\045\166\204\117\356\153\143}{section.0.4}% 32
\BOOKMARK [3][-]{subsubsection.0.4.5.1}{\376\377\131\061\215\045\151\202\163\207\116\016\147\011\145\110\217\175\203\167}{subsection.0.4.5}% 33
\BOOKMARK [3][-]{subsubsection.0.4.5.2}{\376\377\123\321\134\004\142\020\147\054\214\003\145\164}{subsection.0.4.5}% 34
\BOOKMARK [3][-]{subsubsection.0.4.5.3}{\376\377\117\356\153\143\217\320\122\233}{subsection.0.4.5}% 35
\BOOKMARK [3][-]{subsubsection.0.4.5.4}{\376\377\117\356\153\143\142\020\147\054\121\154\137\017}{subsection.0.4.5}% 36
\BOOKMARK [2][-]{subsection.0.4.6}{\376\377\174\373\176\363\144\107\146\103\166\204\171\321\221\314\131\145\122\051\122\233\116\016\230\316\122\007\123\330\142\160\122\250}{section.0.4}% 37
\BOOKMARK [3][-]{subsubsection.0.4.6.1}{\376\377\167\254\145\366\123\357\165\050\136\246\121\375\145\160}{subsection.0.4.6}% 38
\BOOKMARK [3][-]{subsubsection.0.4.6.2}{\376\377\230\166\172\357\160\153\173\255\123\321\134\004\131\061\215\045\151\202\163\207}{subsection.0.4.6}% 39
\BOOKMARK [3][-]{subsubsection.0.4.6.3}{\376\377\117\356\153\143\124\016\166\204\136\164\147\011\145\110\217\320\122\233}{subsection.0.4.6}% 40
\BOOKMARK [2][-]{subsection.0.4.7}{\376\377\116\000\136\164\165\050\154\064\227\000\154\102\116\013\166\204\217\320\217\223\142\020\147\054}{section.0.4}% 41
\BOOKMARK [3][-]{subsubsection.0.4.7.1}{\376\377\147\010\164\003\153\226\154\021\127\060\136\164\121\300\165\050\154\064\227\000\154\102}{subsection.0.4.7}% 42
\BOOKMARK [3][-]{subsubsection.0.4.7.2}{\376\377\230\235\131\026\217\320\217\223\142\020\147\054}{subsection.0.4.7}% 43
\BOOKMARK [1][-]{section.0.5}{\376\377\116\012\217\360\152\041\127\213\166\204\154\102\211\343}{}% 44
\BOOKMARK [2][-]{subsection.0.5.1}{\376\377\121\263\173\126\123\330\221\317}{section.0.5}% 45
\BOOKMARK [2][-]{subsection.0.5.2}{\376\377\220\020\226\066\153\265\142\151\134\125\144\034\175\042\173\227\154\325}{section.0.5}% 46
\BOOKMARK [2][-]{subsection.0.5.3}{\376\377\131\032\166\356\150\007\122\115\154\277\122\044\133\232}{section.0.5}% 47
\BOOKMARK [1][-]{section.0.6}{\376\377\000T\000e\000s\000t\000\040\000t\000h\000e\000\040\000M\000o\000d\000e\000l}{}% 48
\BOOKMARK [2][-]{subsection.0.6.1}{\376\377\000S\000e\000n\000s\000i\000t\000i\000v\000i\000t\000y\000\040\000A\000n\000a\000l\000y\000s\000i\000s}{section.0.6}% 49
\BOOKMARK [2][-]{subsection.0.6.2}{\376\377\000R\000o\000b\000u\000s\000t\000n\000e\000s\000s\000\040\000A\000n\000a\000l\000y\000s\000i\000s}{section.0.6}% 50
\BOOKMARK [1][-]{section.0.7}{\376\377\000C\000o\000n\000c\000l\000u\000s\000i\000o\000n}{}% 51
\BOOKMARK [2][-]{subsection.0.7.1}{\376\377\000S\000u\000m\000m\000a\000r\000y\000\040\000o\000f\000\040\000R\000e\000s\000u\000l\000t\000s}{section.0.7}% 52
\BOOKMARK [2][-]{subsection.0.7.2}{\376\377\000S\000t\000r\000e\000n\000g\000t\000h\000s}{section.0.7}% 53
\BOOKMARK [2][-]{subsection.0.7.3}{\376\377\000W\000e\000a\000k\000n\000e\000s\000s\000e\000s\000\040\000a\000n\000d\000\040\000I\000m\000p\000r\000o\000v\000e\000m\000e\000n\000t\000s}{section.0.7}% 54
\BOOKMARK [1][-]{section.0.8}{\376\377\000M\000e\000m\000o\000r\000a\000n\000d\000u\000m}{}% 55
\BOOKMARK [1][-]{section.1.8}{\376\377\000R\000e\000f\000e\000r\000e\000n\000c\000e\000s}{}% 56
\BOOKMARK [1][-]{section*.5}{\376\377\000A\000p\000p\000e\000n\000d\000i\000x\000\040\000A\000:\000\040\000F\000u\000r\000t\000h\000e\000r\000\040\000o\000n\000\040\000L\000a\000T\000e\000X}{}% 57
\BOOKMARK [1][-]{section*.6}{\376\377\000A\000p\000p\000e\000n\000d\000i\000x\000\040\000B\000:\000\040\000P\000r\000o\000g\000r\000a\000m\000\040\000C\000o\000d\000e\000s}{}% 58
\BOOKMARK [1][-]{section*.7}{\376\377\000A\000p\000p\000e\000n\000d\000i\000x\000\040\000C\000:\000\040\000R\000e\000p\000o\000r\000t\000\040\000o\000n\000\040\000U\000s\000e\000\040\000o\000f\000\040\000A\000I}{}% 59
>>>>>>> 931ecd22abbb2d72e371c04059a769bf873a572b
